{"numFailedTestSuites":0,"numFailedTests":0,"numPassedTestSuites":12,"numPassedTests":59,"numPendingTestSuites":0,"numPendingTests":0,"numRuntimeErrorTestSuites":0,"numTotalTestSuites":12,"numTotalTests":59,"snapshot":{"added":0,"didUpdate":false,"failure":false,"filesAdded":0,"filesRemoved":0,"filesUnmatched":0,"filesUpdated":0,"matched":15,"total":15,"unchecked":0,"unmatched":0,"updated":0},"startTime":1548388703868,"success":true,"testResults":[{"assertionResults":[{"failureMessages":[],"status":"passed","title":"renders"},{"failureMessages":[],"status":"passed","title":"componentWillUnmount"},{"failureMessages":[],"status":"passed","title":"works"},{"failureMessages":[],"status":"passed","title":"save feature"},{"failureMessages":[],"status":"passed","title":"works"},{"failureMessages":[],"status":"passed","title":"toggleStyle"},{"failureMessages":[],"status":"passed","title":"toggleBlock"},{"failureMessages":[],"status":"passed","title":"LINK"},{"failureMessages":[],"status":"passed","title":"IMAGE"},{"failureMessages":[],"status":"passed","title":"HORIZONTAL_RULE"},{"failureMessages":[],"status":"passed","title":"unstyled"},{"failureMessages":[],"status":"passed","title":"no entity"},{"failureMessages":[],"status":"passed","title":"HORIZONTAL_RULE"},{"failureMessages":[],"status":"passed","title":"IMAGE"},{"failureMessages":[],"status":"passed","title":"handled by handleDraftEditorPastedText"},{"failureMessages":[],"status":"passed","title":"default handling"},{"failureMessages":[],"status":"passed","title":"works"},{"failureMessages":[],"status":"passed","title":"#extended"},{"failureMessages":[],"status":"passed","title":"works"}],"endTime":1548388706644,"message":"","name":"/home/travis/build/thibaudcolas/draftjs-conductor/src/demo/components/DemoEditor.test.js","startTime":1548388704294,"status":"passed","summary":""},{"assertionResults":[{"failureMessages":[],"status":"passed","title":"registers and unregisters works for copy"},{"failureMessages":[],"status":"passed","title":"works for cut"},{"failureMessages":[],"status":"passed","title":"no selection"},{"failureMessages":[],"status":"passed","title":"no clipboardData, IE11"},{"failureMessages":[],"status":"passed","title":"works"},{"failureMessages":[],"status":"passed","title":"no HTML"},{"failureMessages":[],"status":"passed","title":"HTML from other app"},{"failureMessages":[],"status":"passed","title":"HTML from draftjs-conductor"},{"failureMessages":[],"status":"passed","title":"invalid JSON"}],"endTime":1548388706851,"message":"","name":"/home/travis/build/thibaudcolas/draftjs-conductor/src/lib/api/copypaste.test.js","startTime":1548388706653,"status":"passed","summary":""},{"assertionResults":[{"failureMessages":[],"status":"passed","title":"renders"},{"failureMessages":[],"status":"passed","title":"componentDidCatch"},{"failureMessages":[],"status":"passed","title":"componentDidCatch Raven"},{"failureMessages":[],"status":"passed","title":"#error"},{"failureMessages":[],"status":"passed","title":"#error reload"},{"failureMessages":[],"status":"passed","title":"#error Raven"},{"failureMessages":[],"status":"passed","title":"#error Raven report"}],"endTime":1548388707011,"message":"","name":"/home/travis/build/thibaudcolas/draftjs-conductor/src/demo/components/SentryBoundary.test.js","startTime":1548388706857,"status":"passed","summary":""},{"assertionResults":[{"failureMessages":[],"status":"passed","title":"renders"},{"failureMessages":[],"status":"passed","title":"works"}],"endTime":1548388707181,"message":"","name":"/home/travis/build/thibaudcolas/draftjs-conductor/src/demo/components/Link.test.js","startTime":1548388707015,"status":"passed","summary":""},{"assertionResults":[{"failureMessages":[],"status":"passed","title":"works, collapsed"},{"failureMessages":[],"status":"passed","title":"works, non-collapsed"}],"endTime":1548388707307,"message":"","name":"/home/travis/build/thibaudcolas/draftjs-conductor/src/demo/utils/DraftUtils.test.js","startTime":1548388707186,"status":"passed","summary":""},{"assertionResults":[{"failureMessages":[],"status":"passed","title":"works"},{"failureMessages":[],"status":"passed","title":"works"},{"failureMessages":[],"status":"passed","title":"max > DRAFT_DEFAULT_MAX_DEPTH"},{"failureMessages":[],"status":"passed","title":"works"},{"failureMessages":[],"status":"passed","title":"depth > DRAFT_DEFAULT_MAX_DEPTH"}],"endTime":1548388707625,"message":"","name":"/home/travis/build/thibaudcolas/draftjs-conductor/src/lib/components/ListNestingStyles.test.js","startTime":1548388707312,"status":"passed","summary":""},{"assertionResults":[{"failureMessages":[],"status":"passed","title":"renders"},{"failureMessages":[],"status":"passed","title":"no entity"}],"endTime":1548388707826,"message":"","name":"/home/travis/build/thibaudcolas/draftjs-conductor/src/demo/components/Image.test.js","startTime":1548388707632,"status":"passed","summary":""},{"assertionResults":[{"failureMessages":[],"status":"passed","title":"ListNestingStyles"},{"failureMessages":[],"status":"passed","title":"DRAFT_DEFAULT_MAX_DEPTH"},{"failureMessages":[],"status":"passed","title":"DRAFT_DEFAULT_DEPTH_CLASS"},{"failureMessages":[],"status":"passed","title":"generateListNestingStyles"},{"failureMessages":[],"status":"passed","title":"blockDepthStyleFn"},{"failureMessages":[],"status":"passed","title":"registerCopySource"},{"failureMessages":[],"status":"passed","title":"handleDraftEditorPastedText"}],"endTime":1548388707921,"message":"","name":"/home/travis/build/thibaudcolas/draftjs-conductor/src/lib/index.test.js","startTime":1548388707830,"status":"passed","summary":""},{"assertionResults":[{"failureMessages":[],"status":"passed","title":"renders"},{"failureMessages":[],"status":"passed","title":"onCopy"}],"endTime":1548388708008,"message":"","name":"/home/travis/build/thibaudcolas/draftjs-conductor/src/demo/components/Highlight.test.js","startTime":1548388707926,"status":"passed","summary":""},{"assertionResults":[{"failureMessages":[],"status":"passed","title":"mount"},{"failureMessages":[],"status":"passed","title":"no mount"}],"endTime":1548388708188,"message":"","name":"/home/travis/build/thibaudcolas/draftjs-conductor/src/demo/index.test.js","startTime":1548388708012,"status":"passed","summary":""},{"assertionResults":[{"failureMessages":[],"status":"passed","title":"renders"}],"endTime":1548388708289,"message":"","name":"/home/travis/build/thibaudcolas/draftjs-conductor/src/demo/components/App.test.js","startTime":1548388708193,"status":"passed","summary":""},{"assertionResults":[{"failureMessages":[],"status":"passed","title":"no errors"}],"endTime":1548388708564,"message":"","name":"/home/travis/build/thibaudcolas/draftjs-conductor/src/index.test.js","startTime":1548388708293,"status":"passed","summary":""}],"wasInterrupted":false,"coverageMap":{"/home/travis/build/thibaudcolas/draftjs-conductor/src/setupTests.js":{"path":"/home/travis/build/thibaudcolas/draftjs-conductor/src/setupTests.js","statementMap":{"0":{"start":{"line":5,"column":0},"end":{"line":5,"column":38}},"1":{"start":{"line":7,"column":0},"end":{"line":7,"column":65}}},"fnMap":{},"branchMap":{},"s":{"0":12,"1":12},"f":{},"b":{},"_coverageSchema":"332fd63041d2c1bcb487cc26dd0d5f7d97098a6c","hash":"d850485cb1a9cb88c8bec31cbed3b463642bdb87"},"/home/travis/build/thibaudcolas/draftjs-conductor/src/demo/components/DemoEditor.js":{"path":"/home/travis/build/thibaudcolas/draftjs-conductor/src/demo/components/DemoEditor.js","statementMap":{"0":{"start":{"line":32,"column":22},"end":{"line":32,"column":51}},"1":{"start":{"line":34,"column":15},"end":{"line":42,"column":1}},"2":{"start":{"line":44,"column":24},"end":{"line":56,"column":1}},"3":{"start":{"line":58,"column":15},"end":{"line":61,"column":1}},"4":{"start":{"line":63,"column":24},"end":{"line":69,"column":1}},"5":{"start":{"line":71,"column":17},"end":{"line":94,"column":1}},"6":{"start":{"line":96,"column":25},"end":{"line":96,"column":27}},"7":{"start":{"line":116,"column":4},"end":{"line":116,"column":17}},"8":{"start":{"line":117,"column":25},"end":{"line":117,"column":30}},"9":{"start":{"line":119,"column":22},"end":{"line":124,"column":6}},"10":{"start":{"line":126,"column":17},"end":{"line":126,"column":58}},"11":{"start":{"line":129,"column":4},"end":{"line":136,"column":5}},"12":{"start":{"line":130,"column":22},"end":{"line":130,"column":54}},"13":{"start":{"line":132,"column":6},"end":{"line":132,"column":70}},"14":{"start":{"line":135,"column":6},"end":{"line":135,"column":55}},"15":{"start":{"line":138,"column":4},"end":{"line":140,"column":6}},"16":{"start":{"line":142,"column":4},"end":{"line":142,"column":45}},"17":{"start":{"line":143,"column":4},"end":{"line":143,"column":39}},"18":{"start":{"line":144,"column":4},"end":{"line":144,"column":39}},"19":{"start":{"line":145,"column":4},"end":{"line":145,"column":51}},"20":{"start":{"line":146,"column":4},"end":{"line":146,"column":51}},"21":{"start":{"line":147,"column":4},"end":{"line":147,"column":53}},"22":{"start":{"line":148,"column":4},"end":{"line":148,"column":55}},"23":{"start":{"line":149,"column":4},"end":{"line":149,"column":61}},"24":{"start":{"line":153,"column":4},"end":{"line":153,"column":57}},"25":{"start":{"line":157,"column":4},"end":{"line":157,"column":33}},"26":{"start":{"line":162,"column":4},"end":{"line":162,"column":46}},"27":{"start":{"line":164,"column":4},"end":{"line":167,"column":6}},"28":{"start":{"line":172,"column":28},"end":{"line":172,"column":38}},"29":{"start":{"line":173,"column":4},"end":{"line":173,"column":66}},"30":{"start":{"line":175,"column":4},"end":{"line":175,"column":23}},"31":{"start":{"line":180,"column":28},"end":{"line":180,"column":38}},"32":{"start":{"line":181,"column":4},"end":{"line":181,"column":64}},"33":{"start":{"line":183,"column":4},"end":{"line":183,"column":23}},"34":{"start":{"line":188,"column":28},"end":{"line":188,"column":38}},"35":{"start":{"line":189,"column":18},"end":{"line":189,"column":49}},"36":{"start":{"line":191,"column":4},"end":{"line":214,"column":5}},"37":{"start":{"line":192,"column":6},"end":{"line":195,"column":9}},"38":{"start":{"line":196,"column":24},"end":{"line":196,"column":57}},"39":{"start":{"line":197,"column":6},"end":{"line":199,"column":8}},"40":{"start":{"line":200,"column":11},"end":{"line":214,"column":5}},"41":{"start":{"line":202,"column":6},"end":{"line":202,"column":60}},"42":{"start":{"line":203,"column":24},"end":{"line":203,"column":57}},"43":{"start":{"line":204,"column":6},"end":{"line":206,"column":8}},"44":{"start":{"line":208,"column":6},"end":{"line":210,"column":9}},"45":{"start":{"line":211,"column":24},"end":{"line":211,"column":57}},"46":{"start":{"line":212,"column":24},"end":{"line":212,"column":50}},"47":{"start":{"line":213,"column":6},"end":{"line":213,"column":77}},"48":{"start":{"line":219,"column":28},"end":{"line":219,"column":38}},"49":{"start":{"line":220,"column":20},"end":{"line":220,"column":51}},"50":{"start":{"line":222,"column":4},"end":{"line":224,"column":5}},"51":{"start":{"line":223,"column":6},"end":{"line":223,"column":18}},"52":{"start":{"line":226,"column":22},"end":{"line":226,"column":42}},"53":{"start":{"line":228,"column":4},"end":{"line":232,"column":5}},"54":{"start":{"line":229,"column":6},"end":{"line":231,"column":8}},"55":{"start":{"line":234,"column":19},"end":{"line":234,"column":47}},"56":{"start":{"line":236,"column":4},"end":{"line":241,"column":5}},"57":{"start":{"line":237,"column":6},"end":{"line":240,"column":8}},"58":{"start":{"line":238,"column":25},"end":{"line":238,"column":31}},"59":{"start":{"line":243,"column":4},"end":{"line":246,"column":6}},"60":{"start":{"line":251,"column":19},"end":{"line":251,"column":65}},"61":{"start":{"line":253,"column":4},"end":{"line":256,"column":5}},"62":{"start":{"line":254,"column":6},"end":{"line":254,"column":30}},"63":{"start":{"line":255,"column":6},"end":{"line":255,"column":18}},"64":{"start":{"line":258,"column":4},"end":{"line":258,"column":17}},"65":{"start":{"line":263,"column":28},"end":{"line":263,"column":38}},"66":{"start":{"line":264,"column":21},"end":{"line":264,"column":74}},"67":{"start":{"line":266,"column":4},"end":{"line":266,"column":28}},"68":{"start":{"line":271,"column":28},"end":{"line":271,"column":38}},"69":{"start":{"line":272,"column":4},"end":{"line":272,"column":56}},"70":{"start":{"line":274,"column":4},"end":{"line":274,"column":23}},"71":{"start":{"line":278,"column":25},"end":{"line":278,"column":35}},"72":{"start":{"line":279,"column":28},"end":{"line":279,"column":38}},"73":{"start":{"line":280,"column":19},"end":{"line":280,"column":54}},"74":{"start":{"line":281,"column":19},"end":{"line":281,"column":54}},"75":{"start":{"line":283,"column":4},"end":{"line":340,"column":6}},"76":{"start":{"line":288,"column":14},"end":{"line":293,"column":23}},"77":{"start":{"line":296,"column":14},"end":{"line":301,"column":23}},"78":{"start":{"line":304,"column":14},"end":{"line":309,"column":23}},"79":{"start":{"line":315,"column":14},"end":{"line":315,"column":35}}},"fnMap":{"0":{"name":"(anonymous_0)","decl":{"start":{"line":115,"column":2},"end":{"line":115,"column":3}},"loc":{"start":{"line":115,"column":28},"end":{"line":150,"column":3}},"line":115},"1":{"name":"(anonymous_1)","decl":{"start":{"line":152,"column":2},"end":{"line":152,"column":3}},"loc":{"start":{"line":152,"column":22},"end":{"line":154,"column":3}},"line":152},"2":{"name":"(anonymous_2)","decl":{"start":{"line":156,"column":2},"end":{"line":156,"column":3}},"loc":{"start":{"line":156,"column":25},"end":{"line":158,"column":3}},"line":156},"3":{"name":"(anonymous_3)","decl":{"start":{"line":161,"column":2},"end":{"line":161,"column":3}},"loc":{"start":{"line":161,"column":35},"end":{"line":168,"column":3}},"line":161},"4":{"name":"(anonymous_4)","decl":{"start":{"line":171,"column":2},"end":{"line":171,"column":3}},"loc":{"start":{"line":171,"column":38},"end":{"line":176,"column":3}},"line":171},"5":{"name":"(anonymous_5)","decl":{"start":{"line":179,"column":2},"end":{"line":179,"column":3}},"loc":{"start":{"line":179,"column":46},"end":{"line":184,"column":3}},"line":179},"6":{"name":"(anonymous_6)","decl":{"start":{"line":187,"column":2},"end":{"line":187,"column":3}},"loc":{"start":{"line":187,"column":58},"end":{"line":215,"column":3}},"line":187},"7":{"name":"(anonymous_7)","decl":{"start":{"line":218,"column":2},"end":{"line":218,"column":3}},"loc":{"start":{"line":218,"column":37},"end":{"line":247,"column":3}},"line":218},"8":{"name":"(anonymous_8)","decl":{"start":{"line":238,"column":19},"end":{"line":238,"column":20}},"loc":{"start":{"line":238,"column":25},"end":{"line":238,"column":31}},"line":238},"9":{"name":"(anonymous_9)","decl":{"start":{"line":250,"column":2},"end":{"line":250,"column":3}},"loc":{"start":{"line":250,"column":74},"end":{"line":259,"column":3}},"line":250},"10":{"name":"(anonymous_10)","decl":{"start":{"line":262,"column":2},"end":{"line":262,"column":3}},"loc":{"start":{"line":262,"column":41},"end":{"line":267,"column":3}},"line":262},"11":{"name":"(anonymous_11)","decl":{"start":{"line":270,"column":2},"end":{"line":270,"column":3}},"loc":{"start":{"line":270,"column":18},"end":{"line":275,"column":3}},"line":270},"12":{"name":"(anonymous_12)","decl":{"start":{"line":277,"column":2},"end":{"line":277,"column":3}},"loc":{"start":{"line":277,"column":11},"end":{"line":341,"column":3}},"line":277},"13":{"name":"(anonymous_13)","decl":{"start":{"line":287,"column":37},"end":{"line":287,"column":38}},"loc":{"start":{"line":288,"column":14},"end":{"line":293,"column":23}},"line":288},"14":{"name":"(anonymous_14)","decl":{"start":{"line":295,"column":37},"end":{"line":295,"column":38}},"loc":{"start":{"line":296,"column":14},"end":{"line":301,"column":23}},"line":296},"15":{"name":"(anonymous_15)","decl":{"start":{"line":303,"column":26},"end":{"line":303,"column":27}},"loc":{"start":{"line":304,"column":14},"end":{"line":309,"column":23}},"line":304},"16":{"name":"(anonymous_16)","decl":{"start":{"line":314,"column":17},"end":{"line":314,"column":18}},"loc":{"start":{"line":314,"column":26},"end":{"line":316,"column":13}},"line":314}},"branchMap":{"0":{"loc":{"start":{"line":129,"column":4},"end":{"line":136,"column":5}},"type":"if","locations":[{"start":{"line":129,"column":4},"end":{"line":136,"column":5}},{"start":{"line":129,"column":4},"end":{"line":136,"column":5}}],"line":129},"1":{"loc":{"start":{"line":129,"column":8},"end":{"line":129,"column":24}},"type":"binary-expr","locations":[{"start":{"line":129,"column":8},"end":{"line":129,"column":16}},{"start":{"line":129,"column":20},"end":{"line":129,"column":24}}],"line":129},"2":{"loc":{"start":{"line":191,"column":4},"end":{"line":214,"column":5}},"type":"if","locations":[{"start":{"line":191,"column":4},"end":{"line":214,"column":5}},{"start":{"line":191,"column":4},"end":{"line":214,"column":5}}],"line":191},"3":{"loc":{"start":{"line":200,"column":11},"end":{"line":214,"column":5}},"type":"if","locations":[{"start":{"line":200,"column":11},"end":{"line":214,"column":5}},{"start":{"line":200,"column":11},"end":{"line":214,"column":5}}],"line":200},"4":{"loc":{"start":{"line":222,"column":4},"end":{"line":224,"column":5}},"type":"if","locations":[{"start":{"line":222,"column":4},"end":{"line":224,"column":5}},{"start":{"line":222,"column":4},"end":{"line":224,"column":5}}],"line":222},"5":{"loc":{"start":{"line":228,"column":4},"end":{"line":232,"column":5}},"type":"if","locations":[{"start":{"line":228,"column":4},"end":{"line":232,"column":5}},{"start":{"line":228,"column":4},"end":{"line":232,"column":5}}],"line":228},"6":{"loc":{"start":{"line":236,"column":4},"end":{"line":241,"column":5}},"type":"if","locations":[{"start":{"line":236,"column":4},"end":{"line":241,"column":5}},{"start":{"line":236,"column":4},"end":{"line":241,"column":5}}],"line":236},"7":{"loc":{"start":{"line":253,"column":4},"end":{"line":256,"column":5}},"type":"if","locations":[{"start":{"line":253,"column":4},"end":{"line":256,"column":5}},{"start":{"line":253,"column":4},"end":{"line":256,"column":5}}],"line":253},"8":{"loc":{"start":{"line":280,"column":19},"end":{"line":280,"column":54}},"type":"cond-expr","locations":[{"start":{"line":280,"column":30},"end":{"line":280,"column":45}},{"start":{"line":280,"column":48},"end":{"line":280,"column":54}}],"line":280},"9":{"loc":{"start":{"line":281,"column":19},"end":{"line":281,"column":54}},"type":"cond-expr","locations":[{"start":{"line":281,"column":30},"end":{"line":281,"column":45}},{"start":{"line":281,"column":48},"end":{"line":281,"column":54}}],"line":281}},"s":{"0":4,"1":4,"2":4,"3":4,"4":4,"5":4,"6":4,"7":21,"8":21,"9":21,"10":21,"11":21,"12":4,"13":4,"14":17,"15":21,"16":21,"17":21,"18":21,"19":21,"20":21,"21":21,"22":21,"23":21,"24":21,"25":1,"26":8,"27":8,"28":1,"29":1,"30":1,"31":1,"32":1,"33":1,"34":3,"35":3,"36":3,"37":1,"38":1,"39":1,"40":2,"41":1,"42":1,"43":1,"44":1,"45":1,"46":1,"47":1,"48":36,"49":36,"50":36,"51":28,"52":8,"53":8,"54":2,"55":6,"56":6,"57":3,"58":3,"59":3,"60":2,"61":2,"62":1,"63":1,"64":1,"65":2,"66":2,"67":2,"68":1,"69":1,"70":1,"71":29,"72":29,"73":29,"74":29,"75":29,"76":79,"77":231,"78":87,"79":38},"f":{"0":21,"1":21,"2":1,"3":8,"4":1,"5":1,"6":3,"7":36,"8":3,"9":2,"10":2,"11":1,"12":29,"13":79,"14":231,"15":87,"16":38},"b":{"0":[4,17],"1":[21,7],"2":[1,2],"3":[1,1],"4":[28,8],"5":[2,6],"6":[3,3],"7":[1,1],"8":[7,22],"9":[7,22]},"_coverageSchema":"332fd63041d2c1bcb487cc26dd0d5f7d97098a6c","hash":"6c50e0b8543df781eb439b4aab3597c578b91094"},"/home/travis/build/thibaudcolas/draftjs-conductor/src/lib/index.js":{"path":"/home/travis/build/thibaudcolas/draftjs-conductor/src/lib/index.js","statementMap":{},"fnMap":{},"branchMap":{},"s":{},"f":{},"b":{},"_coverageSchema":"332fd63041d2c1bcb487cc26dd0d5f7d97098a6c","hash":"a847d903dfa4cc4bbf092be8b67129a1239e6eeb"},"/home/travis/build/thibaudcolas/draftjs-conductor/src/lib/components/ListNestingStyles.js":{"path":"/home/travis/build/thibaudcolas/draftjs-conductor/src/lib/components/ListNestingStyles.js","statementMap":{"0":{"start":{"line":7,"column":39},"end":{"line":7,"column":40}},"1":{"start":{"line":10,"column":41},"end":{"line":10,"column":73}},"2":{"start":{"line":18,"column":41},"end":{"line":38,"column":1}},"3":{"start":{"line":23,"column":15},"end":{"line":23,"column":17}},"4":{"start":{"line":25,"column":2},"end":{"line":35,"column":3}},"5":{"start":{"line":26,"column":19},"end":{"line":26,"column":46}},"6":{"start":{"line":27,"column":20},"end":{"line":27,"column":32}},"7":{"start":{"line":28,"column":19},"end":{"line":28,"column":36}},"8":{"start":{"line":30,"column":4},"end":{"line":34,"column":74}},"9":{"start":{"line":37,"column":2},"end":{"line":37,"column":16}},"10":{"start":{"line":44,"column":33},"end":{"line":53,"column":1}},"11":{"start":{"line":45,"column":18},"end":{"line":45,"column":23}},"12":{"start":{"line":46,"column":14},"end":{"line":46,"column":41}},"13":{"start":{"line":48,"column":2},"end":{"line":52,"column":11}},"14":{"start":{"line":60,"column":33},"end":{"line":65,"column":1}},"15":{"start":{"line":61,"column":16},"end":{"line":61,"column":32}},"16":{"start":{"line":62,"column":2},"end":{"line":64,"column":9}}},"fnMap":{"0":{"name":"(anonymous_0)","decl":{"start":{"line":18,"column":41},"end":{"line":18,"column":42}},"loc":{"start":{"line":22,"column":5},"end":{"line":38,"column":1}},"line":22},"1":{"name":"(anonymous_1)","decl":{"start":{"line":44,"column":33},"end":{"line":44,"column":34}},"loc":{"start":{"line":44,"column":61},"end":{"line":53,"column":1}},"line":44},"2":{"name":"(anonymous_2)","decl":{"start":{"line":60,"column":33},"end":{"line":60,"column":34}},"loc":{"start":{"line":60,"column":55},"end":{"line":65,"column":1}},"line":60}},"branchMap":{"0":{"loc":{"start":{"line":48,"column":9},"end":{"line":52,"column":10}},"type":"cond-expr","locations":[{"start":{"line":49,"column":4},"end":{"line":51,"column":12}},{"start":{"line":52,"column":6},"end":{"line":52,"column":10}}],"line":48},"1":{"loc":{"start":{"line":62,"column":9},"end":{"line":64,"column":8}},"type":"cond-expr","locations":[{"start":{"line":63,"column":6},"end":{"line":63,"column":44}},{"start":{"line":64,"column":6},"end":{"line":64,"column":8}}],"line":62}},"s":{"0":6,"1":6,"2":6,"3":31,"4":31,"5":323,"6":323,"7":323,"8":323,"9":31,"10":6,"11":31,"12":31,"13":31,"14":6,"15":34,"16":34},"f":{"0":31,"1":31,"2":34},"b":{"0":[30,1],"1":[1,33]},"_coverageSchema":"332fd63041d2c1bcb487cc26dd0d5f7d97098a6c","hash":"748c6e2354b2e9a2e029b4b4a5480c9aff75671c"},"/home/travis/build/thibaudcolas/draftjs-conductor/src/lib/api/copypaste.js":{"path":"/home/travis/build/thibaudcolas/draftjs-conductor/src/lib/api/copypaste.js","statementMap":{"0":{"start":{"line":12,"column":33},"end":{"line":12,"column":81}},"1":{"start":{"line":15,"column":22},"end":{"line":15,"column":55}},"2":{"start":{"line":23,"column":32},"end":{"line":55,"column":1}},"3":{"start":{"line":29,"column":20},"end":{"line":29,"column":41}},"4":{"start":{"line":32,"column":19},"end":{"line":32,"column":67}},"5":{"start":{"line":35,"column":2},"end":{"line":54,"column":3}},"6":{"start":{"line":36,"column":20},"end":{"line":36,"column":73}},"7":{"start":{"line":37,"column":30},"end":{"line":37,"column":67}},"8":{"start":{"line":41,"column":24},"end":{"line":41,"column":53}},"9":{"start":{"line":43,"column":4},"end":{"line":43,"column":69}},"10":{"start":{"line":44,"column":4},"end":{"line":44,"column":63}},"11":{"start":{"line":48,"column":4},"end":{"line":48,"column":64}},"12":{"start":{"line":50,"column":4},"end":{"line":50,"column":64}},"13":{"start":{"line":51,"column":4},"end":{"line":51,"column":64}},"14":{"start":{"line":53,"column":4},"end":{"line":53,"column":23}},"15":{"start":{"line":57,"column":34},"end":{"line":70,"column":1}},"16":{"start":{"line":58,"column":20},"end":{"line":58,"column":30}},"17":{"start":{"line":59,"column":17},"end":{"line":59,"column":56}},"18":{"start":{"line":61,"column":2},"end":{"line":61,"column":45}},"19":{"start":{"line":62,"column":2},"end":{"line":62,"column":44}},"20":{"start":{"line":64,"column":2},"end":{"line":69,"column":4}},"21":{"start":{"line":66,"column":6},"end":{"line":66,"column":52}},"22":{"start":{"line":67,"column":6},"end":{"line":67,"column":51}},"23":{"start":{"line":77,"column":43},"end":{"line":114,"column":1}},"24":{"start":{"line":82,"column":2},"end":{"line":84,"column":3}},"25":{"start":{"line":83,"column":4},"end":{"line":83,"column":17}},"26":{"start":{"line":86,"column":14},"end":{"line":86,"column":64}},"27":{"start":{"line":87,"column":22},"end":{"line":87,"column":61}},"28":{"start":{"line":90,"column":2},"end":{"line":111,"column":3}},"29":{"start":{"line":91,"column":25},"end":{"line":91,"column":64}},"30":{"start":{"line":94,"column":4},"end":{"line":101,"column":5}},"31":{"start":{"line":98,"column":6},"end":{"line":98,"column":44}},"32":{"start":{"line":100,"column":6},"end":{"line":100,"column":19}},"33":{"start":{"line":103,"column":21},"end":{"line":103,"column":61}},"34":{"start":{"line":105,"column":20},"end":{"line":109,"column":5}},"35":{"start":{"line":110,"column":4},"end":{"line":110,"column":69}},"36":{"start":{"line":113,"column":2},"end":{"line":113,"column":15}}},"fnMap":{"0":{"name":"(anonymous_0)","decl":{"start":{"line":23,"column":32},"end":{"line":23,"column":33}},"loc":{"start":{"line":28,"column":5},"end":{"line":55,"column":1}},"line":28},"1":{"name":"(anonymous_1)","decl":{"start":{"line":57,"column":34},"end":{"line":57,"column":35}},"loc":{"start":{"line":57,"column":63},"end":{"line":70,"column":1}},"line":57},"2":{"name":"(anonymous_2)","decl":{"start":{"line":77,"column":43},"end":{"line":77,"column":44}},"loc":{"start":{"line":80,"column":5},"end":{"line":114,"column":1}},"line":80}},"branchMap":{"0":{"loc":{"start":{"line":35,"column":2},"end":{"line":54,"column":3}},"type":"if","locations":[{"start":{"line":35,"column":2},"end":{"line":54,"column":3}},{"start":{"line":35,"column":2},"end":{"line":54,"column":3}}],"line":35},"1":{"loc":{"start":{"line":35,"column":6},"end":{"line":35,"column":61}},"type":"binary-expr","locations":[{"start":{"line":35,"column":6},"end":{"line":35,"column":30}},{"start":{"line":35,"column":34},"end":{"line":35,"column":42}},{"start":{"line":35,"column":46},"end":{"line":35,"column":61}}],"line":35},"2":{"loc":{"start":{"line":82,"column":2},"end":{"line":84,"column":3}},"type":"if","locations":[{"start":{"line":82,"column":2},"end":{"line":84,"column":3}},{"start":{"line":82,"column":2},"end":{"line":84,"column":3}}],"line":82},"3":{"loc":{"start":{"line":82,"column":6},"end":{"line":82,"column":65}},"type":"binary-expr","locations":[{"start":{"line":82,"column":6},"end":{"line":82,"column":17}},{"start":{"line":82,"column":21},"end":{"line":82,"column":48}},{"start":{"line":82,"column":52},"end":{"line":82,"column":65}}],"line":82},"4":{"loc":{"start":{"line":90,"column":2},"end":{"line":111,"column":3}},"type":"if","locations":[{"start":{"line":90,"column":2},"end":{"line":111,"column":3}},{"start":{"line":90,"column":2},"end":{"line":111,"column":3}}],"line":90}},"s":{"0":6,"1":6,"2":6,"3":5,"4":5,"5":5,"6":1,"7":1,"8":1,"9":1,"10":1,"11":1,"12":1,"13":1,"14":1,"15":6,"16":26,"17":26,"18":26,"19":26,"20":26,"21":3,"22":3,"23":6,"24":6,"25":1,"26":5,"27":5,"28":5,"29":3,"30":3,"31":3,"32":1,"33":2,"34":2,"35":2,"36":2},"f":{"0":5,"1":26,"2":6},"b":{"0":[1,2],"1":[5,2,2],"2":[1,5],"3":[6,6,6],"4":[3,2]},"_coverageSchema":"332fd63041d2c1bcb487cc26dd0d5f7d97098a6c","hash":"421b558a2b1ba7ceadb3bd44ae2face48b423fde"},"/home/travis/build/thibaudcolas/draftjs-conductor/src/demo/components/SentryBoundary.js":{"path":"/home/travis/build/thibaudcolas/draftjs-conductor/src/demo/components/SentryBoundary.js","statementMap":{"0":{"start":{"line":15,"column":4},"end":{"line":15,"column":17}},"1":{"start":{"line":16,"column":4},"end":{"line":16,"column":33}},"2":{"start":{"line":20,"column":29},"end":{"line":20,"column":43}},"3":{"start":{"line":21,"column":4},"end":{"line":21,"column":29}},"4":{"start":{"line":23,"column":4},"end":{"line":25,"column":5}},"5":{"start":{"line":24,"column":6},"end":{"line":24,"column":65}},"6":{"start":{"line":29,"column":25},"end":{"line":29,"column":35}},"7":{"start":{"line":30,"column":22},"end":{"line":30,"column":32}},"8":{"start":{"line":31,"column":29},"end":{"line":31,"column":43}},"9":{"start":{"line":33,"column":4},"end":{"line":81,"column":6}},"10":{"start":{"line":49,"column":22},"end":{"line":50,"column":53}},"11":{"start":{"line":70,"column":33},"end":{"line":70,"column":62}}},"fnMap":{"0":{"name":"(anonymous_0)","decl":{"start":{"line":14,"column":2},"end":{"line":14,"column":3}},"loc":{"start":{"line":14,"column":28},"end":{"line":17,"column":3}},"line":14},"1":{"name":"(anonymous_1)","decl":{"start":{"line":19,"column":2},"end":{"line":19,"column":3}},"loc":{"start":{"line":19,"column":73},"end":{"line":26,"column":3}},"line":19},"2":{"name":"(anonymous_2)","decl":{"start":{"line":28,"column":2},"end":{"line":28,"column":3}},"loc":{"start":{"line":28,"column":11},"end":{"line":82,"column":3}},"line":28},"3":{"name":"(anonymous_3)","decl":{"start":{"line":48,"column":29},"end":{"line":48,"column":30}},"loc":{"start":{"line":49,"column":22},"end":{"line":50,"column":53}},"line":49},"4":{"name":"(anonymous_4)","decl":{"start":{"line":70,"column":27},"end":{"line":70,"column":28}},"loc":{"start":{"line":70,"column":33},"end":{"line":70,"column":62}},"line":70}},"branchMap":{"0":{"loc":{"start":{"line":23,"column":4},"end":{"line":25,"column":5}},"type":"if","locations":[{"start":{"line":23,"column":4},"end":{"line":25,"column":5}},{"start":{"line":23,"column":4},"end":{"line":25,"column":5}}],"line":23},"1":{"loc":{"start":{"line":33,"column":11},"end":{"line":81,"column":5}},"type":"cond-expr","locations":[{"start":{"line":34,"column":6},"end":{"line":78,"column":12}},{"start":{"line":80,"column":6},"end":{"line":80,"column":14}}],"line":33},"2":{"loc":{"start":{"line":45,"column":17},"end":{"line":66,"column":17}},"type":"cond-expr","locations":[{"start":{"line":46,"column":18},"end":{"line":54,"column":27}},{"start":{"line":56,"column":18},"end":{"line":65,"column":22}}],"line":45},"3":{"loc":{"start":{"line":49,"column":22},"end":{"line":50,"column":53}},"type":"binary-expr","locations":[{"start":{"line":49,"column":22},"end":{"line":49,"column":48}},{"start":{"line":50,"column":22},"end":{"line":50,"column":53}}],"line":49}},"s":{"0":28,"1":28,"2":2,"3":2,"4":2,"5":1,"6":42,"7":42,"8":42,"9":42,"10":1,"11":1},"f":{"0":28,"1":2,"2":42,"3":1,"4":1},"b":{"0":[1,1],"1":[6,36],"2":[3,3],"3":[1,1]},"_coverageSchema":"332fd63041d2c1bcb487cc26dd0d5f7d97098a6c","hash":"11e9a7272b00111e86dd55a4169a86623f54c296"},"/home/travis/build/thibaudcolas/draftjs-conductor/src/demo/components/Highlight.js":{"path":"/home/travis/build/thibaudcolas/draftjs-conductor/src/demo/components/Highlight.js","statementMap":{"0":{"start":{"line":4,"column":15},"end":{"line":14,"column":1}},"1":{"start":{"line":5,"column":17},"end":{"line":5,"column":51}},"2":{"start":{"line":6,"column":2},"end":{"line":6,"column":23}},"3":{"start":{"line":9,"column":2},"end":{"line":9,"column":36}},"4":{"start":{"line":10,"column":2},"end":{"line":10,"column":18}},"5":{"start":{"line":11,"column":2},"end":{"line":11,"column":31}},"6":{"start":{"line":13,"column":2},"end":{"line":13,"column":36}},"7":{"start":{"line":16,"column":18},"end":{"line":26,"column":1}},"8":{"start":{"line":17,"column":2},"end":{"line":25,"column":8}}},"fnMap":{"0":{"name":"(anonymous_0)","decl":{"start":{"line":4,"column":15},"end":{"line":4,"column":16}},"loc":{"start":{"line":4,"column":34},"end":{"line":14,"column":1}},"line":4},"1":{"name":"(anonymous_1)","decl":{"start":{"line":16,"column":18},"end":{"line":16,"column":19}},"loc":{"start":{"line":17,"column":2},"end":{"line":25,"column":8}},"line":17}},"branchMap":{},"s":{"0":5,"1":1,"2":1,"3":1,"4":1,"5":1,"6":1,"7":5,"8":31},"f":{"0":1,"1":31},"b":{},"_coverageSchema":"332fd63041d2c1bcb487cc26dd0d5f7d97098a6c","hash":"126006deb02a87f61d252c0d37cb2dae3f53a828"},"/home/travis/build/thibaudcolas/draftjs-conductor/src/demo/components/Link.js":{"path":"/home/travis/build/thibaudcolas/draftjs-conductor/src/demo/components/Link.js","statementMap":{"0":{"start":{"line":13,"column":28},"end":{"line":25,"column":1}},"1":{"start":{"line":18,"column":2},"end":{"line":24,"column":15}},"2":{"start":{"line":19,"column":22},"end":{"line":19,"column":43}},"3":{"start":{"line":20,"column":4},"end":{"line":23,"column":6}},"4":{"start":{"line":27,"column":13},"end":{"line":34,"column":1}},"5":{"start":{"line":28,"column":17},"end":{"line":28,"column":50}},"6":{"start":{"line":29,"column":2},"end":{"line":33,"column":4}}},"fnMap":{"0":{"name":"(anonymous_0)","decl":{"start":{"line":13,"column":28},"end":{"line":13,"column":29}},"loc":{"start":{"line":17,"column":5},"end":{"line":25,"column":1}},"line":17},"1":{"name":"(anonymous_1)","decl":{"start":{"line":18,"column":32},"end":{"line":18,"column":33}},"loc":{"start":{"line":18,"column":47},"end":{"line":24,"column":3}},"line":18},"2":{"name":"(anonymous_2)","decl":{"start":{"line":27,"column":13},"end":{"line":27,"column":14}},"loc":{"start":{"line":27,"column":63},"end":{"line":34,"column":1}},"line":27}},"branchMap":{"0":{"loc":{"start":{"line":21,"column":6},"end":{"line":22,"column":60}},"type":"binary-expr","locations":[{"start":{"line":21,"column":6},"end":{"line":21,"column":24}},{"start":{"line":22,"column":6},"end":{"line":22,"column":60}}],"line":21}},"s":{"0":5,"1":9,"2":9,"3":9,"4":5,"5":1,"6":1},"f":{"0":9,"1":9,"2":1},"b":{"0":[9,5]},"_coverageSchema":"332fd63041d2c1bcb487cc26dd0d5f7d97098a6c","hash":"8596ddcf73f384ffda9c8797688abcf131436a1c"},"/home/travis/build/thibaudcolas/draftjs-conductor/src/demo/components/Image.js":{"path":"/home/travis/build/thibaudcolas/draftjs-conductor/src/demo/components/Image.js","statementMap":{"0":{"start":{"line":5,"column":14},"end":{"line":18,"column":1}},"1":{"start":{"line":12,"column":20},"end":{"line":12,"column":40}},"2":{"start":{"line":13,"column":14},"end":{"line":15,"column":12}},"3":{"start":{"line":17,"column":2},"end":{"line":17,"column":46}}},"fnMap":{"0":{"name":"(anonymous_0)","decl":{"start":{"line":5,"column":14},"end":{"line":5,"column":15}},"loc":{"start":{"line":11,"column":6},"end":{"line":18,"column":1}},"line":11}},"branchMap":{"0":{"loc":{"start":{"line":13,"column":14},"end":{"line":15,"column":12}},"type":"cond-expr","locations":[{"start":{"line":14,"column":6},"end":{"line":14,"column":53}},{"start":{"line":15,"column":6},"end":{"line":15,"column":12}}],"line":13}},"s":{"0":5,"1":4,"2":4,"3":4},"f":{"0":4},"b":{"0":[3,1]},"_coverageSchema":"332fd63041d2c1bcb487cc26dd0d5f7d97098a6c","hash":"e7947c700f122e340e5b3657ce746701eb02a462"},"/home/travis/build/thibaudcolas/draftjs-conductor/src/demo/utils/DraftUtils.js":{"path":"/home/travis/build/thibaudcolas/draftjs-conductor/src/demo/utils/DraftUtils.js","statementMap":{"0":{"start":{"line":4,"column":21},"end":{"line":23,"column":1}},"1":{"start":{"line":5,"column":18},"end":{"line":5,"column":49}},"2":{"start":{"line":6,"column":20},"end":{"line":6,"column":46}},"3":{"start":{"line":8,"column":2},"end":{"line":10,"column":3}},"4":{"start":{"line":9,"column":4},"end":{"line":9,"column":52}},"5":{"start":{"line":12,"column":19},"end":{"line":12,"column":70}},"6":{"start":{"line":13,"column":19},"end":{"line":13,"column":49}},"7":{"start":{"line":14,"column":16},"end":{"line":14,"column":65}},"8":{"start":{"line":15,"column":2},"end":{"line":21,"column":4}},"9":{"start":{"line":22,"column":2},"end":{"line":22,"column":70}}},"fnMap":{"0":{"name":"(anonymous_0)","decl":{"start":{"line":4,"column":21},"end":{"line":4,"column":22}},"loc":{"start":{"line":4,"column":51},"end":{"line":23,"column":1}},"line":4}},"branchMap":{"0":{"loc":{"start":{"line":8,"column":2},"end":{"line":10,"column":3}},"type":"if","locations":[{"start":{"line":8,"column":2},"end":{"line":10,"column":3}},{"start":{"line":8,"column":2},"end":{"line":10,"column":3}}],"line":8}},"s":{"0":5,"1":3,"2":3,"3":3,"4":2,"5":1,"6":1,"7":1,"8":1,"9":1},"f":{"0":3},"b":{"0":[2,1]},"_coverageSchema":"332fd63041d2c1bcb487cc26dd0d5f7d97098a6c","hash":"14ecbdf42bdbd2ada50c4f41d1df86e2c5e74851"},"/home/travis/build/thibaudcolas/draftjs-conductor/src/demo/index.js":{"path":"/home/travis/build/thibaudcolas/draftjs-conductor/src/demo/index.js","statementMap":{"0":{"start":{"line":21,"column":14},"end":{"line":21,"column":45}},"1":{"start":{"line":23,"column":0},"end":{"line":25,"column":1}},"2":{"start":{"line":24,"column":2},"end":{"line":24,"column":34}}},"fnMap":{},"branchMap":{"0":{"loc":{"start":{"line":23,"column":0},"end":{"line":25,"column":1}},"type":"if","locations":[{"start":{"line":23,"column":0},"end":{"line":25,"column":1}},{"start":{"line":23,"column":0},"end":{"line":25,"column":1}}],"line":23}},"s":{"0":2,"1":2,"2":1},"f":{},"b":{"0":[1,1]},"_coverageSchema":"332fd63041d2c1bcb487cc26dd0d5f7d97098a6c","hash":"518dfd099919a30ad841522161221088d3e3a53b"},"/home/travis/build/thibaudcolas/draftjs-conductor/src/demo/components/App.js":{"path":"/home/travis/build/thibaudcolas/draftjs-conductor/src/demo/components/App.js","statementMap":{"0":{"start":{"line":9,"column":4},"end":{"line":14,"column":6}}},"fnMap":{"0":{"name":"(anonymous_0)","decl":{"start":{"line":8,"column":2},"end":{"line":8,"column":3}},"loc":{"start":{"line":8,"column":11},"end":{"line":15,"column":3}},"line":8}},"branchMap":{},"s":{"0":2},"f":{"0":2},"b":{},"_coverageSchema":"332fd63041d2c1bcb487cc26dd0d5f7d97098a6c","hash":"1cd557a81e716d4b174d20cd14817a31262f387a"},"/home/travis/build/thibaudcolas/draftjs-conductor/src/index.js":{"path":"/home/travis/build/thibaudcolas/draftjs-conductor/src/index.js","statementMap":{},"fnMap":{},"branchMap":{},"s":{},"f":{},"b":{},"_coverageSchema":"332fd63041d2c1bcb487cc26dd0d5f7d97098a6c","hash":"b752e905b6ad316f4258d542bda53057979b2046"},"/home/travis/build/thibaudcolas/draftjs-conductor/src/demo/utils/polyfills.js":{"path":"/home/travis/build/thibaudcolas/draftjs-conductor/src/demo/utils/polyfills.js","statementMap":{},"fnMap":{},"branchMap":{},"s":{},"f":{},"b":{},"_coverageSchema":"332fd63041d2c1bcb487cc26dd0d5f7d97098a6c","hash":"4c8816993aaee4a14f416207e55cb29237ec306e"}}}